<?xml version="1.0" encoding="UTF-8"?>
<!-- Generated by org.testng.reporters.JUnitXMLReporter -->
<testsuite hostname="wanghao-PC" ignored="8" name="Command line test" tests="47" failures="0" timestamp="21 六月 2018 09:52:18 GMT" time="0.035" errors="0">
  <testcase name="@BeforeSuite setup" time="0.0" classname="com.xiaoaiai.Moudle.BaseCase">
    <failure type="org.testng.TestNGException" message="
Parameter &amp;apos;evn&amp;apos; is required by BeforeSuite on method setup but has not been marked @Optional or defined
">
      <![CDATA[org.testng.TestNGException: 
Parameter 'evn' is required by BeforeSuite on method setup but has not been marked @Optional or defined

... Removed 27 stack frames]]>
    </failure>
  </testcase> <!-- @BeforeSuite setup -->
  <testcase name="@BeforeClass setup" time="0.0" classname="xiaoaiai.Accost.AccostTest">
    <skipped/>
  </testcase> <!-- @BeforeClass setup -->
  <testcase name="@AfterClass teardown" time="0.0" classname="xiaoaiai.Accost.AccostTest">
    <skipped/>
  </testcase> <!-- @AfterClass teardown -->
  <testcase name="@BeforeClass setup" time="0.0" classname="xiaoaiai.Find.UploadFeedTest">
    <skipped/>
  </testcase> <!-- @BeforeClass setup -->
  <testcase name="@AfterClass teardown" time="0.0" classname="xiaoaiai.Find.UploadFeedTest">
    <skipped/>
  </testcase> <!-- @AfterClass teardown -->
  <testcase name="@BeforeClass setUp" time="0.0" classname="xiaoaiai.Call.CallTest">
    <skipped/>
  </testcase> <!-- @BeforeClass setUp -->
  <testcase name="@AfterClass teardown" time="0.0" classname="xiaoaiai.Call.CallTest">
    <skipped/>
  </testcase> <!-- @AfterClass teardown -->
  <testcase name="@BeforeClass setup" time="0.0" classname="xiaoaiai.Find.VideoTest">
    <skipped/>
  </testcase> <!-- @BeforeClass setup -->
  <testcase name="@AfterClass teardown" time="0.0" classname="xiaoaiai.Find.VideoTest">
    <skipped/>
  </testcase> <!-- @AfterClass teardown -->
  <testcase name="@BeforeClass setUp" time="0.0" classname="xiaoaiai.Didi.DidiTest">
    <skipped/>
  </testcase> <!-- @BeforeClass setUp -->
  <testcase name="@BeforeClass setup" time="0.0" classname="xiaoaiai.Login.LoginTest">
    <skipped/>
  </testcase> <!-- @BeforeClass setup -->
  <testcase name="@BeforeClass setup" time="0.0" classname="xiaoaiai.Mine.MineTest">
    <skipped/>
  </testcase> <!-- @BeforeClass setup -->
  <testcase name="@BeforeClass setup" time="0.0" classname="xiaoaiai.Test.Test">
    <skipped/>
  </testcase> <!-- @BeforeClass setup -->
  <testcase name="test" time="0.0" classname="xiaoaiai.Accost.AccostTest">
    <skipped/>
  </testcase> <!-- test -->
  <testcase name="test_UI_tag" time="0.0" classname="xiaoaiai.Accost.AccostTest">
    <skipped/>
  </testcase> <!-- test_UI_tag -->
  <testcase name="test_UIcheck_idphotoUpload" time="0.0" classname="xiaoaiai.Accost.AccostTest">
    <skipped/>
  </testcase> <!-- test_UIcheck_idphotoUpload -->
  <testcase name="test_back_idphotoUpload" time="0.0" classname="xiaoaiai.Accost.AccostTest">
    <skipped/>
  </testcase> <!-- test_back_idphotoUpload -->
  <testcase name="test_change_list" time="0.0" classname="xiaoaiai.Accost.AccostTest">
    <skipped/>
  </testcase> <!-- test_change_list -->
  <testcase name="test_click_head" time="0.0" classname="xiaoaiai.Accost.AccostTest">
    <skipped/>
  </testcase> <!-- test_click_head -->
  <testcase name="test_click_idPhoto" time="0.0" classname="xiaoaiai.Accost.AccostTest">
    <skipped/>
  </testcase> <!-- test_click_idPhoto -->
  <testcase name="test_click_uploas" time="0.0" classname="xiaoaiai.Accost.AccostTest">
    <skipped/>
  </testcase> <!-- test_click_uploas -->
  <testcase name="test_deleteIdphoto" time="0.0" classname="xiaoaiai.Accost.AccostTest">
    <skipped/>
  </testcase> <!-- test_deleteIdphoto -->
  <testcase name="test_dphotoUpload" time="0.0" classname="xiaoaiai.Accost.AccostTest">
    <skipped/>
  </testcase> <!-- test_dphotoUpload -->
  <testcase name="test_edit_mood" time="0.0" classname="xiaoaiai.Accost.AccostTest">
    <skipped/>
  </testcase> <!-- test_edit_mood -->
  <testcase name="test_mood_floow" time="0.0" classname="xiaoaiai.Accost.AccostTest">
    <skipped/>
  </testcase> <!-- test_mood_floow -->
  <testcase name="test_upload" time="0.0" classname="xiaoaiai.Accost.AccostTest">
    <skipped/>
  </testcase> <!-- test_upload -->
  <testcase name="test_UI_check" time="0.0" classname="xiaoaiai.Find.UploadFeedTest">
    <skipped/>
  </testcase> <!-- test_UI_check -->
  <testcase name="test_cilck_back" time="0.0" classname="xiaoaiai.Find.UploadFeedTest">
    <skipped/>
  </testcase> <!-- test_cilck_back -->
  <testcase name="test_noNews_click_upload" time="0.0" classname="xiaoaiai.Find.UploadFeedTest">
    <skipped/>
  </testcase> <!-- test_noNews_click_upload -->
  <testcase name="test_noTopic_upload" time="0.0" classname="xiaoaiai.Find.UploadFeedTest">
    <skipped/>
  </testcase> <!-- test_noTopic_upload -->
  <testcase name="test_upload_anonymity" time="0.0" classname="xiaoaiai.Find.UploadFeedTest">
    <skipped/>
  </testcase> <!-- test_upload_anonymity -->
  <testcase name="test_upload_txt" time="0.0" classname="xiaoaiai.Find.UploadFeedTest">
    <skipped/>
  </testcase> <!-- test_upload_txt -->
  <testcase name="test_upload_txtAndPic" time="0.0" classname="xiaoaiai.Find.UploadFeedTest">
    <skipped/>
  </testcase> <!-- test_upload_txtAndPic -->
  <testcase name="fansVideoCall" time="0.0" classname="xiaoaiai.Call.CallTest">
    <skipped/>
  </testcase> <!-- fansVideoCall -->
  <testcase name="fansVioceCall" time="0.0" classname="xiaoaiai.Call.CallTest">
    <skipped/>
  </testcase> <!-- fansVioceCall -->
  <testcase name="fansYuetiao" time="0.0" classname="xiaoaiai.Call.CallTest">
    <skipped/>
  </testcase> <!-- fansYuetiao -->
  <testcase name="nofansVideoCall" time="0.0" classname="xiaoaiai.Call.CallTest">
    <skipped/>
  </testcase> <!-- nofansVideoCall -->
  <testcase name="nofansVioceCall" time="0.0" classname="xiaoaiai.Call.CallTest">
    <skipped/>
  </testcase> <!-- nofansVioceCall -->
  <testcase name="nofansyuetiao" time="0.0" classname="xiaoaiai.Call.CallTest">
    <skipped/>
  </testcase> <!-- nofansyuetiao -->
  <testcase name="test_check_deleteAndConnat" time="0.0" classname="xiaoaiai.Find.VideoTest">
    <skipped/>
  </testcase> <!-- test_check_deleteAndConnat -->
  <testcase name="test_click_folder" time="0.0" classname="xiaoaiai.Find.VideoTest">
    <skipped/>
  </testcase> <!-- test_click_folder -->
  <testcase name="test_delete" time="0.0" classname="xiaoaiai.Find.VideoTest">
    <skipped/>
  </testcase> <!-- test_delete -->
  <testcase name="test_local_video" time="0.0" classname="xiaoaiai.Find.VideoTest">
    <skipped/>
  </testcase> <!-- test_local_video -->
  <testcase name="test_noRecord_colse" time="0.0" classname="xiaoaiai.Find.VideoTest">
    <skipped/>
  </testcase> <!-- test_noRecord_colse -->
  <testcase name="test_record_close" time="0.0" classname="xiaoaiai.Find.VideoTest">
    <skipped/>
  </testcase> <!-- test_record_close -->
  <testcase name="test_upload_local_video" time="0.0" classname="xiaoaiai.Find.VideoTest">
    <skipped/>
  </testcase> <!-- test_upload_local_video -->
  <testcase name="test_upload_video" time="0.0" classname="xiaoaiai.Find.VideoTest">
    <skipped/>
  </testcase> <!-- test_upload_video -->
  <testcase name="didiFollow" time="0.0" classname="xiaoaiai.Didi.DidiTest">
    <skipped/>
  </testcase> <!-- didiFollow -->
  <testcase name="didiVideo" time="0.0" classname="xiaoaiai.Didi.DidiTest">
    <skipped/>
  </testcase> <!-- didiVideo -->
  <testcase name="didiVoice" time="0.0" classname="xiaoaiai.Didi.DidiTest">
    <skipped/>
  </testcase> <!-- didiVoice -->
  <testcase name="didiYuetiao" time="0.0" classname="xiaoaiai.Didi.DidiTest">
    <skipped/>
  </testcase> <!-- didiYuetiao -->
  <testcase name="QQlogin" time="0.0" classname="xiaoaiai.Login.LoginTest">
    <skipped/>
  </testcase> <!-- QQlogin -->
  <testcase name="login" time="0.0" classname="xiaoaiai.Login.LoginTest">
    <skipped/>
  </testcase> <!-- login -->
  <testcase name="weiChatLogin" time="0.0" classname="xiaoaiai.Login.LoginTest">
    <skipped/>
  </testcase> <!-- weiChatLogin -->
  <testcase name="weiboLogin" time="0.0" classname="xiaoaiai.Login.LoginTest">
    <skipped/>
  </testcase> <!-- weiboLogin -->
  <testcase name="modifyAge" time="0.0" classname="xiaoaiai.Mine.MineTest">
    <skipped/>
  </testcase> <!-- modifyAge -->
  <testcase name="modifyHeadImg" time="0.0" classname="xiaoaiai.Mine.MineTest">
    <skipped/>
  </testcase> <!-- modifyHeadImg -->
  <testcase name="modifyNickName" time="0.0" classname="xiaoaiai.Mine.MineTest">
    <skipped/>
  </testcase> <!-- modifyNickName -->
  <testcase name="moidfyAddr" time="0.0" classname="xiaoaiai.Mine.MineTest">
    <skipped/>
  </testcase> <!-- moidfyAddr -->
  <testcase name="login" time="0.0" classname="xiaoaiai.Test.Test">
    <skipped/>
  </testcase> <!-- login -->
  <testcase name="@BeforeSuite setup" time="0.0" classname="com.xiaoaiai.Moudle.BaseCase">
    <ignored/>
  </testcase> <!-- @BeforeSuite setup -->
  <testcase name="@BeforeSuite setup" time="0.0" classname="com.xiaoaiai.Moudle.BaseCase">
    <ignored/>
  </testcase> <!-- @BeforeSuite setup -->
  <testcase name="@BeforeSuite setup" time="0.0" classname="com.xiaoaiai.Moudle.BaseCase">
    <ignored/>
  </testcase> <!-- @BeforeSuite setup -->
  <testcase name="@BeforeSuite setup" time="0.0" classname="com.xiaoaiai.Moudle.BaseCase">
    <ignored/>
  </testcase> <!-- @BeforeSuite setup -->
  <testcase name="@BeforeSuite setup" time="0.0" classname="com.xiaoaiai.Moudle.BaseCase">
    <ignored/>
  </testcase> <!-- @BeforeSuite setup -->
  <testcase name="@BeforeSuite setup" time="0.0" classname="com.xiaoaiai.Moudle.BaseCase">
    <ignored/>
  </testcase> <!-- @BeforeSuite setup -->
  <testcase name="@BeforeSuite setup" time="0.0" classname="com.xiaoaiai.Moudle.BaseCase">
    <ignored/>
  </testcase> <!-- @BeforeSuite setup -->
  <testcase name="@BeforeSuite setup" time="0.0" classname="com.xiaoaiai.Moudle.BaseCase">
    <ignored/>
  </testcase> <!-- @BeforeSuite setup -->
</testsuite> <!-- Command line test -->
