<?xml version="1.0" encoding="UTF-8" ?>
<testsuite tests="60" failures="1" name="TestSuite" time="30.194" errors="0" skipped="59">
  <properties>
[...]
</properties>
  <testcase classname="xiaoaiai.Accost.AccostTest" name="setup" time="0.477">
    <failure message="
Parameter &apos;evn&apos; is required by BeforeSuite on method setup but has not been marked @Optional or defined
" type="org.testng.TestNGException">org.testng.TestNGException: 
Parameter &apos;evn&apos; is required by BeforeSuite on method setup but has not been marked @Optional or defined

	at org.testng.internal.Parameters.createParams(Parameters.java:290)
	at org.testng.internal.Parameters.createParametersForMethod(Parameters.java:359)
	at org.testng.internal.Parameters.createParameters(Parameters.java:620)
	at org.testng.internal.Parameters.createConfigurationParameters(Parameters.java:190)
	at org.testng.internal.Invoker.invokeConfigurations(Invoker.java:209)
	at org.testng.internal.Invoker.invokeConfigurations(Invoker.java:142)
	at org.testng.SuiteRunner.privateRun(SuiteRunner.java:401)
	at org.testng.SuiteRunner.run(SuiteRunner.java:364)
	at org.testng.SuiteRunnerWorker.runSuite(SuiteRunnerWorker.java:52)
	at org.testng.SuiteRunnerWorker.run(SuiteRunnerWorker.java:84)
	at org.testng.TestNG.runSuitesSequentially(TestNG.java:1208)
	at org.testng.TestNG.runSuitesLocally(TestNG.java:1137)
	at org.testng.TestNG.runSuites(TestNG.java:1049)
	at org.testng.TestNG.run(TestNG.java:1017)
	at org.apache.maven.surefire.testng.TestNGExecutor.run(TestNGExecutor.java:77)
	at org.apache.maven.surefire.testng.TestNGDirectoryTestSuite.executeMulti(TestNGDirectoryTestSuite.java:159)
	at org.apache.maven.surefire.testng.TestNGDirectoryTestSuite.execute(TestNGDirectoryTestSuite.java:99)
	at org.apache.maven.surefire.testng.TestNGProvider.invoke(TestNGProvider.java:106)
	at sun.reflect.NativeMethodAccessorImpl.invoke0(Native Method)
	at sun.reflect.NativeMethodAccessorImpl.invoke(NativeMethodAccessorImpl.java:62)
	at sun.reflect.DelegatingMethodAccessorImpl.invoke(DelegatingMethodAccessorImpl.java:43)
	at java.lang.reflect.Method.invoke(Method.java:498)
	at org.apache.maven.surefire.util.ReflectionUtils.invokeMethodWithArray(ReflectionUtils.java:189)
	at org.apache.maven.surefire.booter.ProviderFactory$ProviderProxy.invoke(ProviderFactory.java:165)
	at org.apache.maven.surefire.booter.ProviderFactory.invokeProvider(ProviderFactory.java:85)
	at org.apache.maven.surefire.booter.ForkedBooter.runSuitesInProcess(ForkedBooter.java:115)
	at org.apache.maven.surefire.booter.ForkedBooter.main(ForkedBooter.java:75)
</failure>
    <system-out>Configuring TestNG with: org.apache.maven.surefire.testng.conf.TestNG652Configurator@5e265ba4
</system-out>
  </testcase>
  <testcase classname="xiaoaiai.Accost.AccostTest" name="setup" time="0.484">
    <skipped/>
  </testcase>
  <testcase classname="xiaoaiai.Accost.AccostTest" name="test" time="0.492">
    <skipped/>
  </testcase>
  <testcase classname="xiaoaiai.Accost.AccostTest" name="test_UI_tag" time="0.496">
    <skipped/>
  </testcase>
  <testcase classname="xiaoaiai.Accost.AccostTest" name="test_UIcheck_idphotoUpload" time="0.496">
    <skipped/>
  </testcase>
  <testcase classname="xiaoaiai.Accost.AccostTest" name="test_back_idphotoUpload" time="0.496">
    <skipped/>
  </testcase>
  <testcase classname="xiaoaiai.Accost.AccostTest" name="test_change_list" time="0.499">
    <skipped/>
  </testcase>
  <testcase classname="xiaoaiai.Accost.AccostTest" name="test_click_head" time="0.499">
    <skipped/>
  </testcase>
  <testcase classname="xiaoaiai.Accost.AccostTest" name="test_click_idPhoto" time="0.499">
    <skipped/>
  </testcase>
  <testcase classname="xiaoaiai.Accost.AccostTest" name="test_click_uploas" time="0.499">
    <skipped/>
  </testcase>
  <testcase classname="xiaoaiai.Accost.AccostTest" name="test_deleteIdphoto" time="0.5">
    <skipped/>
  </testcase>
  <testcase classname="xiaoaiai.Accost.AccostTest" name="test_dphotoUpload" time="0.5">
    <skipped/>
  </testcase>
  <testcase classname="xiaoaiai.Accost.AccostTest" name="test_edit_mood" time="0.5">
    <skipped/>
  </testcase>
  <testcase classname="xiaoaiai.Accost.AccostTest" name="test_mood_floow" time="0.5">
    <skipped/>
  </testcase>
  <testcase classname="xiaoaiai.Accost.AccostTest" name="test_upload" time="0.5">
    <skipped/>
  </testcase>
  <testcase classname="xiaoaiai.Accost.AccostTest" name="teardown" time="0.5">
    <skipped/>
  </testcase>
  <testcase classname="xiaoaiai.Find.UploadFeedTest" name="setup" time="0.5">
    <skipped/>
  </testcase>
  <testcase classname="xiaoaiai.Find.UploadFeedTest" name="test_UI_check" time="0.5">
    <skipped/>
  </testcase>
  <testcase classname="xiaoaiai.Find.UploadFeedTest" name="test_cilck_back" time="0.5">
    <skipped/>
  </testcase>
  <testcase classname="xiaoaiai.Find.UploadFeedTest" name="test_noNews_click_upload" time="0.5">
    <skipped/>
  </testcase>
  <testcase classname="xiaoaiai.Find.UploadFeedTest" name="test_noTopic_upload" time="0.501">
    <skipped/>
  </testcase>
  <testcase classname="xiaoaiai.Find.UploadFeedTest" name="test_upload_anonymity" time="0.501">
    <skipped/>
  </testcase>
  <testcase classname="xiaoaiai.Find.UploadFeedTest" name="test_upload_txt" time="0.501">
    <skipped/>
  </testcase>
  <testcase classname="xiaoaiai.Find.UploadFeedTest" name="test_upload_txtAndPic" time="0.501">
    <skipped/>
  </testcase>
  <testcase classname="xiaoaiai.Find.UploadFeedTest" name="teardown" time="0.501">
    <skipped/>
  </testcase>
  <testcase classname="xiaoaiai.Call.CallTest" name="setUp" time="0.503">
    <skipped/>
  </testcase>
  <testcase classname="xiaoaiai.Call.CallTest" name="fansVideoCall" time="0.504">
    <skipped/>
  </testcase>
  <testcase classname="xiaoaiai.Call.CallTest" name="fansVioceCall" time="0.504">
    <skipped/>
  </testcase>
  <testcase classname="xiaoaiai.Call.CallTest" name="fansYuetiao" time="0.504">
    <skipped/>
  </testcase>
  <testcase classname="xiaoaiai.Call.CallTest" name="nofansVideoCall" time="0.504">
    <skipped/>
  </testcase>
  <testcase classname="xiaoaiai.Call.CallTest" name="nofansVioceCall" time="0.504">
    <skipped/>
  </testcase>
  <testcase classname="xiaoaiai.Call.CallTest" name="nofansyuetiao" time="0.505">
    <skipped/>
  </testcase>
  <testcase classname="xiaoaiai.Call.CallTest" name="teardown" time="0.505">
    <skipped/>
  </testcase>
  <testcase classname="xiaoaiai.Find.VideoTest" name="setup" time="0.505">
    <skipped/>
  </testcase>
  <testcase classname="xiaoaiai.Find.VideoTest" name="test_check_deleteAndConnat" time="0.506">
    <skipped/>
  </testcase>
  <testcase classname="xiaoaiai.Find.VideoTest" name="test_click_folder" time="0.506">
    <skipped/>
  </testcase>
  <testcase classname="xiaoaiai.Find.VideoTest" name="test_delete" time="0.506">
    <skipped/>
  </testcase>
  <testcase classname="xiaoaiai.Find.VideoTest" name="test_local_video" time="0.506">
    <skipped/>
  </testcase>
  <testcase classname="xiaoaiai.Find.VideoTest" name="test_noRecord_colse" time="0.506">
    <skipped/>
  </testcase>
  <testcase classname="xiaoaiai.Find.VideoTest" name="test_record_close" time="0.507">
    <skipped/>
  </testcase>
  <testcase classname="xiaoaiai.Find.VideoTest" name="test_upload_local_video" time="0.507">
    <skipped/>
  </testcase>
  <testcase classname="xiaoaiai.Find.VideoTest" name="test_upload_video" time="0.507">
    <skipped/>
  </testcase>
  <testcase classname="xiaoaiai.Find.VideoTest" name="teardown" time="0.507">
    <skipped/>
  </testcase>
  <testcase classname="xiaoaiai.Didi.DidiTest" name="setUp" time="0.508">
    <skipped/>
  </testcase>
  <testcase classname="xiaoaiai.Didi.DidiTest" name="didiFollow" time="0.508">
    <skipped/>
  </testcase>
  <testcase classname="xiaoaiai.Didi.DidiTest" name="didiVideo" time="0.508">
    <skipped/>
  </testcase>
  <testcase classname="xiaoaiai.Didi.DidiTest" name="didiVoice" time="0.508">
    <skipped/>
  </testcase>
  <testcase classname="xiaoaiai.Didi.DidiTest" name="didiYuetiao" time="0.508">
    <skipped/>
  </testcase>
  <testcase classname="xiaoaiai.Login.LoginTest" name="setup" time="0.508">
    <skipped/>
  </testcase>
  <testcase classname="xiaoaiai.Login.LoginTest" name="QQlogin" time="0.508">
    <skipped/>
  </testcase>
  <testcase classname="xiaoaiai.Login.LoginTest" name="login" time="0.51">
    <skipped/>
  </testcase>
  <testcase classname="xiaoaiai.Login.LoginTest" name="weiChatLogin" time="0.51">
    <skipped/>
  </testcase>
  <testcase classname="xiaoaiai.Login.LoginTest" name="weiboLogin" time="0.51">
    <skipped/>
  </testcase>
  <testcase classname="xiaoaiai.Mine.MineTest" name="setup" time="0.51">
    <skipped/>
  </testcase>
  <testcase classname="xiaoaiai.Mine.MineTest" name="modifyAge" time="0.51">
    <skipped/>
  </testcase>
  <testcase classname="xiaoaiai.Mine.MineTest" name="modifyHeadImg" time="0.51">
    <skipped/>
  </testcase>
  <testcase classname="xiaoaiai.Mine.MineTest" name="modifyNickName" time="0.51">
    <skipped/>
  </testcase>
  <testcase classname="xiaoaiai.Mine.MineTest" name="moidfyAddr" time="0.51">
    <skipped/>
  </testcase>
  <testcase classname="xiaoaiai.Test.Test" name="setup" time="0.51">
    <skipped/>
  </testcase>
  <testcase classname="xiaoaiai.Test.Test" name="login" time="0.51">
    <skipped/>
  </testcase>
</testsuite>